<?xml version='1.0' encoding='UTF-8'?>
<testsuite hostname="DESKTOP-KC551HT" name="haslang.SyntaxAnalysisTests" tests="72" errors="0" failures="0" skipped="0" time="0.392" timestamp="2022-08-23T16:53:20">
          <properties>
      <property name="awt.toolkit" value="sun.awt.windows.WToolkit"/><property name="java.specification.version" value="11"/><property name="sun.cpu.isalist" value="amd64"/><property name="sun.jnu.encoding" value="Cp1252"/><property name="sun.arch.data.model" value="64"/><property name="java.vendor.url" value="https://openjdk.java.net/"/><property name="sun.boot.library.path" value="C:\Program Files\OpenJDK\openjdk-11.0.13_8\bin"/><property name="sun.java.command" value="xsbt.boot.Boot"/><property name="jdk.debug" value="release"/><property name="sun.stderr.encoding" value="cp850"/><property name="java.specification.vendor" value="Oracle Corporation"/><property name="java.version.date" value="2021-10-19"/><property name="java.home" value="C:\Program Files\OpenJDK\openjdk-11.0.13_8"/><property name="file.separator" value="\"/><property name="java.vm.compressedOopsMode" value="Zero based"/><property name="line.separator" value="
"/><property name="sun.stdout.encoding" value="cp850"/><property name="java.specification.name" value="Java Platform API Specification"/><property name="java.vm.specification.vendor" value="Oracle Corporation"/><property name="user.script" value=""/><property name="sun.management.compiler" value="HotSpot 64-Bit Tiered Compilers"/><property name="java.runtime.version" value="11.0.13+8"/><property name="user.name" value="Joshua"/><property name="log4j.ignoreTCL" value="true"/><property name="file.encoding" value="Cp1252"/><property name="jnidispatch.path" value="C:\Users\Joshua\AppData\Local\Temp\jna--2070369658\jna13695705374386538823.dll"/><property name="java.vendor.version" value="18.9"/><property name="jna.loaded" value="true"/><property name="java.io.tmpdir" value="C:\Users\Joshua\AppData\Local\Temp\"/><property name="java.version" value="11.0.13"/><property name="java.vm.specification.name" value="Java Virtual Machine Specification"/><property name="java.awt.printerjob" value="sun.awt.windows.WPrinterJob"/><property name="sun.os.patch.level" value=""/><property name="java.library.path" value="C:\Program Files\OpenJDK\openjdk-11.0.13_8\bin;C:\WINDOWS\Sun\Java\bin;C:\WINDOWS\system32;C:\WINDOWS;C:\Program Files\OpenJDK\openjdk-11.0.13_8\bin;C:\Users\Joshua\.jabba\jdk\zulu@1.11.0\bin;C:\Program Files (x86)\Razer Chroma SDK\bin;C:\Program Files\Razer Chroma SDK\bin;C:\Program Files (x86)\Razer\ChromaBroadcast\bin;C:\Program Files\Razer\ChromaBroadcast\bin;C:\Program Files\Java\jdk-12.0.2\bin;C:\ProgramData\Oracle\Java\javapath;C:\Program Files (x86)\Intel\iCLS Client\;C:\Program Files\Intel\iCLS Client\;C:\Windows\system32;C:\Windows;C:\Windows\System32\Wbem;C:\Windows\System32\WindowsPowerShell\v1.0\;C:\Program Files (x86)\Intel\Intel(R) Management Engine Components\DAL;C:\Program Files\Intel\Intel(R) Management Engine Components\DAL;C:\Program Files (x86)\Intel\Intel(R) Management Engine Components\IPT;C:\Program Files\Intel\Intel(R) Management Engine Components\IPT;C:\Program Files (x86)\GtkSharp\2.12\bin;E:\Program Files (x86)\QTSystem\;C:\WINDOWS\system32;C:\WINDOWS;C:\WINDOWS\System32\Wbem;C:\WINDOWS\System32\WindowsPowerShell\v1.0\;C:\Program Files (x86)\Skype\Phone\;C:\WINDOWS\System32\OpenSSH\;C:\Program Files\NVIDIA Corporation\NVIDIA NvDLISR;C:\WINDOWS\system32\config\systemprofile\AppData\Local\Microsoft\WindowsApps;C:\WINDOWS\system32;C:\WINDOWS;C:\WINDOWS\System32\Wbem;C:\WINDOWS\System32\WindowsPowerShell\v1.0\;C:\WINDOWS\System32\OpenSSH\;C:\Program Files (x86)\NVIDIA Corporation\PhysX\Common;C:\ProgramData\chocolatey\bin;C:\Program Files\nodejs\;C:\Program Files\OpenJDK\openjdk-11.0.13_8\bin;C:\Program Files\Git\cmd;C:\Users\Joshua\AppData\Local\Programs\Python\Python39\Scripts\;C:\Users\Joshua\AppData\Local\Programs\Python\Python39\;C:\Users\Joshua\AppData\Local\Microsoft\WindowsApps;C:\Users\Joshua\AppData\Local\Programs\Microsoft VS Code\bin;C:\Users\Joshua\AppData\Local\GitHubDesktop\bin;C:\Users\Joshua\AppData\Roaming\npm;C:\Users\Joshua\AppData\Local\Android\sdk\platform-tools;;."/><property name="java.vendor" value="Oracle Corporation"/><property name="scala.ext.dirs" value=""/><property name="sun.io.unicode.encoding" value="UnicodeLittle"/><property name="sun.desktop" value="windows"/><property name="java.class.path" value="C:\Users\Joshua\Documents\Uni\COMP-3000\comp3000-haslang\sbt-launch.jar"/><property name="java.vm.vendor" value="Oracle Corporation"/><property name="user.variant" value=""/><property name="jline.shutdownhook" value="false"/><property name="user.timezone" value="Australia/Sydney"/><property name="os.name" value="Windows 10"/><property name="java.vm.specification.version" value="11"/><property name="sun.java.launcher" value="SUN_STANDARD"/><property name="user.country" value="AU"/><property name="sun.cpu.endian" value="little"/><property name="user.home" value="C:\Users\Joshua"/><property name="user.language" value="en"/><property name="swoval.tmpdir" value="C:\Users\Joshua\.sbt\1.0"/><property name="java.awt.graphicsenv" value="sun.awt.Win32GraphicsEnvironment"/><property name="jline.esc.timeout" value="0"/><property name="path.separator" value=";"/><property name="os.version" value="10.0"/><property name="jna.nosys" value="true"/><property name="java.runtime.name" value="OpenJDK Runtime Environment"/><property name="java.vm.name" value="OpenJDK 64-Bit Server VM"/><property name="java.vendor.url.bug" value="https://bugreport.java.com/bugreport/"/><property name="user.dir" value="C:\Users\Joshua\Documents\Uni\COMP-3000\comp3000-haslang"/><property name="os.arch" value="amd64"/><property name="java.vm.info" value="mixed mode"/><property name="java.vm.version" value="11.0.13+8"/><property name="java.class.version" value="55.0"/>
    </properties>
          <testcase classname="haslang.SyntaxAnalysisTests" name="equal expression" time="0.092">
                      
                    </testcase><testcase classname="haslang.SyntaxAnalysisTests" name="less than expression" time="0.009">
                      
                    </testcase><testcase classname="haslang.SyntaxAnalysisTests" name="addition expression" time="0.004">
                      
                    </testcase><testcase classname="haslang.SyntaxAnalysisTests" name="subtraction expression" time="0.004">
                      
                    </testcase><testcase classname="haslang.SyntaxAnalysisTests" name="multiplication expression" time="0.004">
                      
                    </testcase><testcase classname="haslang.SyntaxAnalysisTests" name="division expression" time="0.003">
                      
                    </testcase><testcase classname="haslang.SyntaxAnalysisTests" name="integer expression" time="0.001">
                      
                    </testcase><testcase classname="haslang.SyntaxAnalysisTests" name="true expression" time="0.001">
                      
                    </testcase><testcase classname="haslang.SyntaxAnalysisTests" name="false expression" time="0.002">
                      
                    </testcase><testcase classname="haslang.SyntaxAnalysisTests" name="identifier expression" time="0.002">
                      
                    </testcase><testcase classname="haslang.SyntaxAnalysisTests" name="parenthesized expression" time="0.004">
                      
                    </testcase><testcase classname="haslang.SyntaxAnalysisTests" name="application expression 1" time="0.002">
                      
                    </testcase><testcase classname="haslang.SyntaxAnalysisTests" name="expression containing an application expression" time="0.004">
                      
                    </testcase><testcase classname="haslang.SyntaxAnalysisTests" name="if expression" time="0.006">
                      
                    </testcase><testcase classname="haslang.SyntaxAnalysisTests" name="lambda expression" time="0.015">
                      
                    </testcase><testcase classname="haslang.SyntaxAnalysisTests" name="basic type" time="0.001">
                      
                    </testcase><testcase classname="haslang.SyntaxAnalysisTests" name="parsing unit type" time="0.004">
                      
                    </testcase><testcase classname="haslang.SyntaxAnalysisTests" name="parsing list type" time="0.001">
                      
                    </testcase><testcase classname="haslang.SyntaxAnalysisTests" name="parsing tuple type" time="0.005">
                      
                    </testcase><testcase classname="haslang.SyntaxAnalysisTests" name="parsing function type" time="0.002">
                      
                    </testcase><testcase classname="haslang.SyntaxAnalysisTests" name="parsing bracketted function type" time="0.002">
                      
                    </testcase><testcase classname="haslang.SyntaxAnalysisTests" name="empty list" time="0.002">
                      
                    </testcase><testcase classname="haslang.SyntaxAnalysisTests" name="cons expression" time="0.003">
                      
                    </testcase><testcase classname="haslang.SyntaxAnalysisTests" name="list expression" time="0.007">
                      
                    </testcase><testcase classname="haslang.SyntaxAnalysisTests" name="tuple expression" time="0.006">
                      
                    </testcase><testcase classname="haslang.SyntaxAnalysisTests" name="underscore pattern" time="0.01">
                      
                    </testcase><testcase classname="haslang.SyntaxAnalysisTests" name="literal pattern" time="0.002">
                      
                    </testcase><testcase classname="haslang.SyntaxAnalysisTests" name="list pattern" time="0.003">
                      
                    </testcase><testcase classname="haslang.SyntaxAnalysisTests" name="cons pattern" time="0.005">
                      
                    </testcase><testcase classname="haslang.SyntaxAnalysisTests" name="tuple pattern" time="0.002">
                      
                    </testcase><testcase classname="haslang.SyntaxAnalysisTests" name="simple function line" time="0.007">
                      
                    </testcase><testcase classname="haslang.SyntaxAnalysisTests" name="more complicated function line" time="0.005">
                      
                    </testcase><testcase classname="haslang.SyntaxAnalysisTests" name="simple variable" time="0.005">
                      
                    </testcase><testcase classname="haslang.SyntaxAnalysisTests" name="function with two lines" time="0.004">
                      
                    </testcase><testcase classname="haslang.SyntaxAnalysisTests" name="function with three lines" time="0.006">
                      
                    </testcase><testcase classname="haslang.SyntaxAnalysisTests" name="one definition" time="0.004">
                      
                    </testcase><testcase classname="haslang.SyntaxAnalysisTests" name="one definition with lambda" time="0.003">
                      
                    </testcase><testcase classname="haslang.SyntaxAnalysisTests" name="two definitions" time="0.003">
                      
                    </testcase><testcase classname="haslang.SyntaxAnalysisTests" name="let with one definition" time="0.006">
                      
                    </testcase><testcase classname="haslang.SyntaxAnalysisTests" name="let with two definitions" time="0.004">
                      
                    </testcase><testcase classname="haslang.SyntaxAnalysisTests" name="program with two definitions including lambda" time="0.008">
                      
                    </testcase><testcase classname="haslang.SyntaxAnalysisTests" name="program with definitions including lambda and multiline fun" time="0.01">
                      
                    </testcase><testcase classname="haslang.SyntaxAnalysisTests" name="Precedence and Associativity Test #1" time="0.003">
                      
                    </testcase><testcase classname="haslang.SyntaxAnalysisTests" name="Precedence and Associativity Test #2" time="0.002">
                      
                    </testcase><testcase classname="haslang.SyntaxAnalysisTests" name="Precedence and Associativity Test #3 - should ignore 3" time="0.001">
                      
                    </testcase><testcase classname="haslang.SyntaxAnalysisTests" name="Precedence and Associativity Test #4" time="0.001">
                      
                    </testcase><testcase classname="haslang.SyntaxAnalysisTests" name="Precedence and Associativity Test #5" time="0.002">
                      
                    </testcase><testcase classname="haslang.SyntaxAnalysisTests" name="Precedence and Associtivity Test #6 - / right Associativity" time="0.009">
                      
                    </testcase><testcase classname="haslang.SyntaxAnalysisTests" name="Precedence and Associtivity Test #7 - - right Associativity" time="0.005">
                      
                    </testcase><testcase classname="haslang.SyntaxAnalysisTests" name="Precedence and Associtivity Test #8 - * Left Associativity" time="0.002">
                      
                    </testcase><testcase classname="haslang.SyntaxAnalysisTests" name="Precedence and Associtivity Test #9 - + Left Associativity" time="0.003">
                      
                    </testcase><testcase classname="haslang.SyntaxAnalysisTests" name="Precedence and Associtivity Test #10 - : Right Associativity" time="0.004">
                      
                    </testcase><testcase classname="haslang.SyntaxAnalysisTests" name="Precedence and Associtivity Test #11 - AppExp Left Associativity" time="0.004">
                      
                    </testcase><testcase classname="haslang.SyntaxAnalysisTests" name="Precedence and Associtivity Test #12 - If and LambdaExp Left Associativity" time="0.009">
                      
                    </testcase><testcase classname="haslang.SyntaxAnalysisTests" name="Precedence and Associtivity Test #13 - ListExp Left Associativity" time="0.006">
                      
                    </testcase><testcase classname="haslang.SyntaxAnalysisTests" name="Precedence and Associtivity Test #14 - TupleExp Left Associativity" time="0.005">
                      
                    </testcase><testcase classname="haslang.SyntaxAnalysisTests" name="Precedence and Associtivity Test #15 - LetExp Left Associativity" time="0.02">
                      
                    </testcase><testcase classname="haslang.SyntaxAnalysisTests" name="Testing ListType With Set of Empty () #1" time="0.001">
                      
                    </testcase><testcase classname="haslang.SyntaxAnalysisTests" name="Strenuous Testing of TupleType #2" time="0.002">
                      
                    </testcase><testcase classname="haslang.SyntaxAnalysisTests" name="Testing IntType #3" time="0.001">
                      
                    </testcase><testcase classname="haslang.SyntaxAnalysisTests" name="Multi Bracketted FunType #4" time="0.0">
                      
                    </testcase><testcase classname="haslang.SyntaxAnalysisTests" name="Multi FunType #5" time="0.002">
                      
                    </testcase><testcase classname="haslang.SyntaxAnalysisTests" name="Empty List Pat [] #1" time="0.001">
                      
                    </testcase><testcase classname="haslang.SyntaxAnalysisTests" name="True pat #2" time="0.001">
                      
                    </testcase><testcase classname="haslang.SyntaxAnalysisTests" name="False pat #3" time="0.001">
                      
                    </testcase><testcase classname="haslang.SyntaxAnalysisTests" name="Testing ListPat #4" time="0.003">
                      
                    </testcase><testcase classname="haslang.SyntaxAnalysisTests" name="Testing TuplePat #5" time="0.004">
                      
                    </testcase><testcase classname="haslang.SyntaxAnalysisTests" name="Testing ConsPat #6" time="0.002">
                      
                    </testcase><testcase classname="haslang.SyntaxAnalysisTests" name="Testing ConsPat #7" time="0.001">
                      
                    </testcase><testcase classname="haslang.SyntaxAnalysisTests" name="sum FunLine Testing #1" time="0.009">
                      
                    </testcase><testcase classname="haslang.SyntaxAnalysisTests" name="Multi FunLine Testing #2" time="0.007">
                      
                    </testcase><testcase classname="haslang.SyntaxAnalysisTests" name="Multi Definitions Testing #3" time="0.008">
                      
                    </testcase>
          <system-out><![CDATA[]]></system-out>
          <system-err><![CDATA[]]></system-err>
        </testsuite>